0 16
399 1
397 12
395 4
393 8
391 394
389 10
387 388
385 18
383 25
381 390
379 382
377 386
375 398
373 372
371 376
369 2
367 370
365 364
363 29
361 79
359 6
357 374
355 380
353 9
351 352
349 20
347 354
345 5
343 384
341 360
339 338
337 22
335 14
333 3
331 26
329 328
327 332
325 366
323 340
321 322
319 362
317 19
315 320
313 28
311 344
309 308
307 392
305 318
303 342
301 7
299 24
297 298
295 336
293 302
291 17
289 300
287 312
285 324
283 346
281 310
279 282
277 13
275 296
273 330
271 280
269 11
267 368
265 304
263 15
261 278
259 264
257 23
255 45
253 288
251 348
249 276
247 350
245 262
243 290
241 306
239 254
237 286
235 316
233 42
231 236
229 292
227 226
225 238
223 244
221 284
219 21
217 242
215 270
213 224
211 216
209 220
207 208
205 258
203 248
201 256
199 234
197 218
195 274
193 378
191 314
189 326
187 196
185 206
183 268
181 266
179 202
177 182
175 33
173 240
171 396
169 180
167 260
165 34
163 194
161 176
159 168
157 210
155 174
153 334
151 186
149 158
147 150
145 198
143 272
141 140
139 204
137 184
135 192
133 134
131 130
129 148
127 146
125 144
123 154
121 126
119 200
117 188
115 222
113 138
111 166
109 116
107 164
105 132
103 128
101 122
99 136
97 230
95 120
93 102
91 246
89 156
87 36
85 84
83 96
81 88
358 108
77 86
75 78
73 114
71 118
69 152
67 66
65 72
63 51
61 30
59 172
57 124
55 142
53 160
60 178
49 50
47 112
252 35
43 58
41 214
39 52
37 38
94 62
56 80
31 64
92 162
27 46
106 110
228 98
40 356
70 54
250 74
104 68
90 294
48 100
232 170
44 76
190 82
212 32
