0 25
799 14
797 15
795 8
793 4
791 12
789 32
787 49
785 56
783 163
781 7
779 5
777 42
775 10
773 1
771 26
769 61
767 29
765 35
763 17
761 762
759 784
757 2
755 798
753 774
751 22
749 23
747 3
745 788
743 786
741 69
739 752
737 27
735 780
733 53
731 62
729 776
727 748
725 770
723 796
721 31
719 720
717 59
715 81
713 738
711 54
709 107
707 724
705 718
703 744
701 716
699 698
697 24
695 750
693 766
691 694
689 708
687 772
685 30
683 141
681 700
679 722
677 742
675 714
673 28
671 684
669 734
667 756
665 702
663 34
661 145
659 18
657 672
655 11
653 44
651 670
649 754
647 740
645 123
643 658
641 760
639 686
637 638
635 55
633 650
631 690
629 75
627 65
625 9
623 696
621 51
619 21
617 790
615 20
613 674
611 794
609 646
607 38
605 620
603 612
601 40
599 606
597 626
595 13
593 662
591 654
589 706
587 66
585 19
583 608
581 682
579 666
577 592
575 604
573 664
571 39
569 52
567 70
565 598
563 33
561 586
559 768
557 82
555 660
553 680
551 634
549 594
547 590
545 726
543 572
541 544
539 642
537 542
535 534
533 602
531 578
529 580
527 676
525 562
523 792
521 614
519 618
517 554
515 574
513 730
511 636
509 576
507 688
505 588
503 526
501 652
499 732
497 532
495 600
493 746
491 504
489 492
487 758
485 37
483 522
481 558
479 89
477 556
475 510
473 566
471 486
469 104
467 782
465 468
463 472
461 476
459 516
457 570
455 528
453 80
451 470
449 58
447 502
445 564
443 546
441 538
439 480
437 484
435 560
433 64
431 548
429 584
427 524
425 460
423 490
421 482
419 668
417 512
415 568
413 628
411 36
409 498
407 454
405 430
403 84
401 404
399 43
397 432
395 418
393 396
391 416
389 388
387 442
385 496
383 436
381 500
379 466
377 456
375 16
373 392
371 692
369 48
367 536
365 452
363 678
361 530
359 410
357 117
355 46
353 368
351 408
349 412
347 426
345 712
343 458
341 400
339 424
337 370
335 390
333 366
331 610
329 90
327 346
325 710
323 514
321 330
319 336
317 322
315 6
313 374
311 350
309 74
307 326
305 348
303 372
301 450
299 736
297 360
295 422
293 312
291 630
289 314
287 362
285 462
283 380
281 342
279 41
277 308
275 316
273 446
271 310
269 378
267 328
265 288
263 282
261 508
259 278
257 86
255 254
253 478
251 764
249 298
247 260
245 520
243 268
241 270
239 242
237 474
235 101
233 248
231 258
229 420
227 550
225 234
223 286
221 264
219 318
217 354
215 296
213 109
211 384
209 238
207 280
205 506
203 222
201 91
199 302
197 394
195 284
193 494
191 190
189 236
187 198
185 216
183 214
181 182
179 488
177 266
175 178
173 414
171 292
169 344
167 382
165 356
164 200
161 180
159 402
157 156
155 172
153 212
151 188
149 332
147 57
640 148
143 174
224 358
139 376
137 115
135 162
133 406
131 220
129 176
127 656
125 170
364 648
121 262
119 146
158 144
134 184
113 160
111 126
210 154
250 202
105 440
103 230
232 272
99 140
97 132
95 142
93 130
112 152
340 108
87 63
85 98
83 218
256 186
79 118
77 60
102 128
73 778
71 100
72 124
67 206
624 728
338 150
94 96
444 324
114 334
632 68
168 518
240 228
398 47
352 622
45 120
116 226
276 428
464 320
88 582
434 304
194 106
438 540
448 290
136 552
306 122
204 616
244 166
252 138
274 596
192 294
704 76
644 208
386 92
78 196
110 300
246 50
