0 41
799 16
797 145
795 104
793 88
791 18
789 794
787 35
785 218
783 147
781 150
779 321
777 288
775 325
773 51
771 42
769 786
767 32
765 46
763 5
761 70
759 76
757 219
755 50
753 154
751 83
749 105
747 4
745 20
743 14
741 15
739 21
737 792
735 116
733 17
731 174
729 39
727 128
725 171
723 81
721 766
719 240
717 23
715 183
713 69
711 726
709 160
707 52
705 31
703 734
701 127
699 78
697 1
695 764
693 120
691 111
689 10
687 65
685 740
683 60
681 80
679 119
677 197
675 3
673 179
671 108
669 716
667 114
665 176
663 13
661 284
659 684
657 676
655 79
653 668
651 724
649 96
647 698
645 11
643 768
641 98
639 758
637 59
635 459
633 754
631 646
629 86
627 728
625 692
623 93
621 12
619 622
617 206
615 798
613 73
611 97
609 44
607 712
605 604
603 616
601 654
599 146
597 694
595 91
593 110
591 25
589 231
587 750
585 84
583 640
581 283
579 732
577 169
575 592
573 87
571 664
569 632
567 686
565 37
563 168
561 730
559 223
557 722
555 562
553 57
551 90
549 58
547 594
545 66
543 71
541 248
539 590
537 215
535 738
533 148
531 556
529 68
527 185
525 580
523 784
521 135
519 526
517 153
515 690
513 47
511 626
509 8
507 106
505 550
503 230
501 294
499 782
497 165
495 672
493 156
491 124
489 518
487 95
485 375
483 213
481 100
479 596
477 74
475 544
473 30
471 620
469 77
467 140
465 504
463 474
461 514
566 708
457 602
455 102
453 682
451 9
449 27
447 75
445 588
443 7
441 180
439 24
437 530
435 658
433 536
431 552
429 28
427 680
425 484
423 309
421 67
419 55
417 456
415 618
413 62
411 472
409 506
407 656
405 144
403 125
401 414
399 486
397 434
395 63
393 432
391 408
389 644
387 624
385 418
383 642
381 614
379 101
377 378
482 440
373 756
371 700
369 452
367 85
365 706
363 187
361 19
359 670
357 222
355 600
353 384
351 688
349 610
347 560
345 476
343 388
341 438
339 122
337 126
335 636
333 710
331 259
329 442
327 244
772 107
323 264
776 578
319 366
317 356
315 424
313 99
311 208
420 312
307 674
305 422
303 304
301 350
299 404
297 310
295 480
293 318
291 368
289 746
287 210
285 158
290 714
281 778
279 211
277 426
275 243
273 45
271 137
269 606
267 520
265 446
263 720
261 444
328 134
257 364
255 582
253 454
251 29
249 214
247 132
245 570
272 346
241 166
239 217
237 270
235 354
233 352
586 246
229 282
227 402
225 430
528 702
221 546
630 500
236 36
534 386
292 510
276 498
209 380
207 53
205 628
203 159
201 532
199 494
300 382
195 576
193 131
191 362
189 155
360 278
524 141
250 522
181 162
314 462
177 109
175 744
173 468
554 224
574 460
167 188
196 94
163 326
161 516
200 49
157 220
186 342
458 254
151 202
149 648
780 117
718 258
143 306
182 184
139 152
268 558
396 466
133 103
190 790
129 774
212 612
400 512
123 6
121 142
598 204
344 398
115 242
113 394
348 464
298 666
322 538
286 330
130 428
376 608
308 392
638 40
302 448
170 172
572 336
89 332
112 48
138 748
82 752
260 542
652 324
370 696
118 496
662 450
540 412
316 742
194 584
296 770
232 216
61 252
634 410
502 198
416 238
192 2
56 43
490 164
390 374
234 568
72 736
488 280
338 136
478 760
320 704
33 650
64 226
334 508
262 22
762 406
38 34
178 492
358 274
256 564
54 678
660 796
266 470
92 788
372 436
548 340
228 26
