YES
13 46
18 106
19 2
22 18
23 33
28 12
28 17
30 11
31 20
36 7
48 131
53 138
56 138
69 25
75 87
77 26
80 65
84 40
85 1
91 5
98 146
99 28
110 66
113 92
118 125
120 50
123 6
124 27
129 99
133 204
140 237
142 44
147 131
148 143
150 71
152 139
155 125
157 82
158 145
161 29
164 57
164 74
165 243
169 3
171 168
173 200
175 97
180 59
181 162
186 24
189 13
199 216
200 49
202 151
203 16
209 188
212 33
218 41
219 52
219 246
221 87
226 183
228 26
232 216
236 45
236 107
237 218
241 9
242 195
242 201
247 65
248 78
250 202
252 61
254 119
255 227
257 207
257 222
258 55
260 90
261 198
262 22
263 154
265 250
269 237
270 217
270 237
271 98
272 116
274 184
275 44
277 72
278 191
280 113
280 166
286 249
287 210
289 83
289 196
290 100
291 21
292 233
293 231
294 117
295 243
296 224
297 37
298 262
299 137
300 67
304 186
305 256
307 251
308 64
308 149
309 147
310 54
312 167
312 192
313 211
315 268
317 221
318 300
319 282
320 88
323 193
324 310
325 212
325 227
327 244
328 280
329 60
330 93
331 259
332 128
333 135
334 283
337 126
338 241
339 122
339 316
340 155
341 200
342 204
343 94
344 338
345 275
346 14
347 261
349 213
350 301
351 194
352 344
353 163
355 320
356 248
357 222
358 103
359 101
360 278
361 171
361 349
362 323
363 21
364 42
365 4
366 286
367 132
368 251
368 274
369 68
370 185
371 370
373 295
374 179
375 15
377 73
379 144
380 209
382 225
383 331
385 81
386 287
387 343
388 240
389 233
390 374
391 270
392 308
393 353
394 380
395 366
396 39
397 320
398 138
398 344
399 136
400 160
401 321
402 345
403 115
403 240
404 79
405 361
406 226
407 347
409 86
410 174
411 189
412 116
413 346
415 228
416 238
417 176
418 205
419 62
420 312
421 393
422 420
423 187
424 130
425 208
426 277
427 408
428 316
429 220
430 285
431 225
431 239
432 264
433 357
434 397
435 429
437 148
437 170
438 341
439 58
440 96
441 410
443 400
444 392
445 281
446 318
447 423
448 391
449 206
450 319
451 413
452 434
454 253
455 309
456 335
457 219
458 267
459 317
460 196
461 229
462 449
463 369
464 70
465 343
466 284
468 354
469 234
470 266
471 330
472 325
473 416
474 463
475 379
476 345
477 378
478 469
479 424
480 445
481 315
482 440
483 406
484 425
485 186
486 399
487 396
488 455
489 235
490 164
491 372
492 271
493 467
494 394
495 462
496 123
497 395
498 367
499 313
500 260
501 215
502 331
503 230
504 327
505 256
506 409
507 432
508 334
509 10
510 492
511 323
512 431
513 373
513 414
514 461
515 496
517 502
518 489
519 512
520 428
521 406
522 250
523 262
524 276
525 419
526 519
527 375
528 451
529 351
530 437
531 481
532 317
533 370
534 386
535 525
537 450
538 417
539 197
540 499
541 472
542 466
543 254
544 336
545 433
546 485
547 493
548 340
549 441
550 452
551 429
552 456
553 490
554 430
555 294
556 528
558 415
559 458
560 389
561 530
562 546
563 543
564 288
565 311
566 403
567 377
568 554
569 465
570 245
571 438
572 401
573 361
574 299
575 527
576 503
577 453
578 297
578 516
580 564
581 427
582 498
583 348
584 565
585 497
586 356
587 460
588 553
589 566
590 475
591 521
592 575
593 328
594 507
595 501
596 479
597 538
598 582
599 464
600 372
601 531
602 457
603 454
604 486
605 595
606 529
607 504
608 376
609 273
610 534
611 484
612 476
613 554
614 381
615 539
616 446
617 390
618 522
619 580
620 471
621 549
622 619
623 550
624 540
625 482
626 384
627 393
628 422
629 329
630 548
631 509
632 581
633 411
634 488
635 610
636 500
637 469
638 418
639 89
640 584
641 558
642 444
643 612
644 389
645 604
646 468
647 412
648 563
649 637
650 518
651 517
652 576
653 513
654 601
655 613
656 592
657 488
658 552
659 314
660 623
661 473
662 540
663 603
664 626
665 636
666 487
667 508
668 574
669 524
670 460
671 570
672 593
673 639
674 608
675 662
676 520
677 583
678 591
679 544
680 676
681 597
682 670
683 605
684 618
685 667
686 641
687 650
688 611
689 594
690 588
691 616
692 625
693 689
694 673
695 596
696 675
697 629
698 647
699 692
700 532
701 590
702 528
703 541
704 547
705 546
706 447
707 505
708 698
709 681
710 659
711 581
712 708
713 586
714 290
715 705
716 669
717 682
718 542
719 657
720 582
721 685
722 638
723 557
724 651
725 645
726 511
727 715
728 702
729 715
730 713
731 644
732 579
733 732
734 648
735 671
736 730
737 654
738 535
739 711
740 685
741 589
742 720
743 704
744 699
745 730
746 643
747 536
748 687
749 660
750 646
751 697
752 729
753 631
754 633
755 740
756 627
757 555
758 690
759 620
760 561
761 628
762 630
763 707
764 695
765 703
766 755
767 561
768 686
769 673
770 735
771 712
772 571
773 770
774 700
775 653
776 578
777 717
778 600
779 745
780 573
781 728
782 748
783 642
784 523
785 741
786 769
787 767
788 743
789 743
790 751
791 750
792 737
793 753
794 789
795 506
796 668
797 752
798 684
799 663
